jun 06, 2021 7:19:10 PM semaforo_coches.Coche run
INFORMACIÓN: Coche 6 INICIO, tarda 14min en llegar al semáforo
jun 06, 2021 7:19:10 PM semaforo_coches.Coche run
INFORMACIÓN: Coche 3 INICIO, tarda 11min en llegar al semáforo
jun 06, 2021 7:19:10 PM semaforo_coches.Coche run
INFORMACIÓN: Coche 4 INICIO, tarda 8min en llegar al semáforo
jun 06, 2021 7:19:10 PM semaforo_coches.Coche run
INFORMACIÓN: Coche 1 INICIO, tarda 15min en llegar al semáforo
jun 06, 2021 7:19:10 PM semaforo_coches.Coche run
INFORMACIÓN: Coche 10 INICIO, tarda 17min en llegar al semáforo
jun 06, 2021 7:19:10 PM semaforo_coches.Coche run
INFORMACIÓN: Coche 9 INICIO, tarda 12min en llegar al semáforo
jun 06, 2021 7:19:10 PM semaforo_coches.Coche run
INFORMACIÓN: Coche 7 INICIO, tarda 8min en llegar al semáforo
jun 06, 2021 7:19:10 PM semaforo_coches.Coche run
INFORMACIÓN: Coche 2 INICIO, tarda 6min en llegar al semáforo
jun 06, 2021 7:19:10 PM semaforo_coches.Coche run
INFORMACIÓN: Coche 5 INICIO, tarda 12min en llegar al semáforo
jun 06, 2021 7:19:10 PM semaforo_coches.Coche run
INFORMACIÓN: Coche 8 INICIO, tarda 15min en llegar al semáforo
jun 06, 2021 7:19:10 PM semaforo_coches.Coche run
INFORMACIÓN: Coche 2 espera en semáforo
jun 06, 2021 7:19:11 PM semaforo_coches.Coche run
INFORMACIÓN: Coche 4 espera en semáforo
jun 06, 2021 7:19:11 PM semaforo_coches.Coche run
INFORMACIÓN: Coche 7 espera en semáforo
jun 06, 2021 7:19:11 PM semaforo_coches.Coche run
INFORMACIÓN: Coche 3 espera en semáforo
jun 06, 2021 7:19:11 PM semaforo_coches.Coche run
INFORMACIÓN: Coche 9 espera en semáforo
jun 06, 2021 7:19:11 PM semaforo_coches.Coche run
INFORMACIÓN: Coche 5 espera en semáforo
jun 06, 2021 7:19:11 PM semaforo_coches.Coche run
INFORMACIÓN: Coche 6 espera en semáforo
jun 06, 2021 7:19:11 PM semaforo_coches.Coche run
INFORMACIÓN: Coche 8 espera en semáforo
jun 06, 2021 7:19:11 PM semaforo_coches.Coche run
INFORMACIÓN: Coche 1 FIN, instante en finalizar 15
jun 06, 2021 7:19:11 PM semaforo_coches.Coche run
INFORMACIÓN: Coche 2 FIN, instante en finalizar 7
jun 06, 2021 7:19:11 PM semaforo_coches.Coche run
INFORMACIÓN: Coche 3 FIN, instante en finalizar 13
jun 06, 2021 7:19:11 PM semaforo_coches.Coche run
INFORMACIÓN: Coche 4 FIN, instante en finalizar 11
jun 06, 2021 7:19:11 PM semaforo_coches.Coche run
INFORMACIÓN: Coche 5 FIN, instante en finalizar 15
jun 06, 2021 7:19:11 PM semaforo_coches.Coche run
INFORMACIÓN: Coche 6 FIN, instante en finalizar 18
jun 06, 2021 7:19:11 PM semaforo_coches.Coche run
INFORMACIÓN: Coche 7 FIN, instante en finalizar 13
jun 06, 2021 7:19:11 PM semaforo_coches.Coche run
INFORMACIÓN: Coche 8 FIN, instante en finalizar 20
jun 06, 2021 7:19:11 PM semaforo_coches.Coche run
INFORMACIÓN: Coche 9 FIN, instante en finalizar 16
jun 06, 2021 7:19:12 PM semaforo_coches.Coche run
INFORMACIÓN: Coche 10 FIN, instante en finalizar 17
jun 07, 2021 10:58:24 AM semaforo_coches.Coche run
INFORMACIÓN: Coche 6 INICIO, tarda 13min en llegar al semáforo
jun 07, 2021 10:58:24 AM semaforo_coches.Coche run
INFORMACIÓN: Coche 8 INICIO, tarda 4min en llegar al semáforo
jun 07, 2021 10:58:24 AM semaforo_coches.Coche run
INFORMACIÓN: Coche 2 INICIO, tarda 5min en llegar al semáforo
jun 07, 2021 10:58:24 AM semaforo_coches.Coche run
INFORMACIÓN: Coche 5 INICIO, tarda 17min en llegar al semáforo
jun 07, 2021 10:58:24 AM semaforo_coches.Coche run
INFORMACIÓN: Coche 4 INICIO, tarda 6min en llegar al semáforo
jun 07, 2021 10:58:24 AM semaforo_coches.Coche run
INFORMACIÓN: Coche 1 INICIO, tarda 11min en llegar al semáforo
jun 07, 2021 10:58:24 AM semaforo_coches.Coche run
INFORMACIÓN: Coche 7 INICIO, tarda 17min en llegar al semáforo
jun 07, 2021 10:58:24 AM semaforo_coches.Coche run
INFORMACIÓN: Coche 3 INICIO, tarda 9min en llegar al semáforo
jun 07, 2021 10:58:24 AM semaforo_coches.Coche run
INFORMACIÓN: Coche 8 espera en semáforo
jun 07, 2021 10:58:25 AM semaforo_coches.Coche run
INFORMACIÓN: Coche 2 espera en semáforo
jun 07, 2021 10:58:25 AM semaforo_coches.Coche run
INFORMACIÓN: Coche 4 espera en semáforo
jun 07, 2021 10:58:25 AM semaforo_coches.Coche run
INFORMACIÓN: Coche 3 FIN, instante en finalizar 9
jun 07, 2021 10:58:25 AM semaforo_coches.Coche run
INFORMACIÓN: Coche 4 FIN, instante en finalizar 7
jun 07, 2021 10:58:25 AM semaforo_coches.Coche run
INFORMACIÓN: Coche 1 espera en semáforo
jun 07, 2021 10:58:25 AM semaforo_coches.Coche run
INFORMACIÓN: Coche 6 espera en semáforo
jun 07, 2021 10:58:26 AM semaforo_coches.Coche run
INFORMACIÓN: Coche 7 espera en semáforo
jun 07, 2021 10:58:26 AM semaforo_coches.Coche run
INFORMACIÓN: Coche 5 FIN, instante en finalizar 17
jun 07, 2021 10:58:26 AM semaforo_coches.Coche run
INFORMACIÓN: Coche 6 FIN, instante en finalizar 14
jun 07, 2021 10:58:26 AM semaforo_coches.Coche run
INFORMACIÓN: Coche 7 FIN, instante en finalizar 19
jun 07, 2021 10:58:26 AM semaforo_coches.Coche run
INFORMACIÓN: Coche 8 FIN, instante en finalizar 7
jun 07, 2021 10:58:26 AM semaforo_coches.Coche run
INFORMACIÓN: Coche 1 FIN, instante en finalizar 13
jun 07, 2021 10:58:26 AM semaforo_coches.Coche run
INFORMACIÓN: Coche 2 FIN, instante en finalizar 9
jun 07, 2021 10:59:04 AM semaforo_coches.Coche run
INFORMACIÓN: Coche 4 INICIO, tarda 7min en llegar al semáforo
jun 07, 2021 10:59:04 AM semaforo_coches.Coche run
INFORMACIÓN: Coche 6 INICIO, tarda 16min en llegar al semáforo
jun 07, 2021 10:59:04 AM semaforo_coches.Coche run
INFORMACIÓN: Coche 2 INICIO, tarda 7min en llegar al semáforo
jun 07, 2021 10:59:04 AM semaforo_coches.Coche run
INFORMACIÓN: Coche 1 INICIO, tarda 11min en llegar al semáforo
jun 07, 2021 10:59:04 AM semaforo_coches.Coche run
INFORMACIÓN: Coche 5 INICIO, tarda 13min en llegar al semáforo
jun 07, 2021 10:59:04 AM semaforo_coches.Coche run
INFORMACIÓN: Coche 3 INICIO, tarda 8min en llegar al semáforo
jun 07, 2021 10:59:05 AM semaforo_coches.Coche run
INFORMACIÓN: Coche 2 espera en semáforo
jun 07, 2021 10:59:05 AM semaforo_coches.Coche run
INFORMACIÓN: Coche 4 espera en semáforo
jun 07, 2021 10:59:05 AM semaforo_coches.Coche run
INFORMACIÓN: Coche 3 FIN, instante en finalizar 8
jun 07, 2021 10:59:05 AM semaforo_coches.Coche run
INFORMACIÓN: Coche 4 FIN, instante en finalizar 8
jun 07, 2021 10:59:05 AM semaforo_coches.Coche run
INFORMACIÓN: Coche 1 espera en semáforo
jun 07, 2021 10:59:05 AM semaforo_coches.Coche run
INFORMACIÓN: Coche 5 FIN, instante en finalizar 13
jun 07, 2021 10:59:05 AM semaforo_coches.Coche run
INFORMACIÓN: Coche 6 FIN, instante en finalizar 16
jun 07, 2021 10:59:05 AM semaforo_coches.Coche run
INFORMACIÓN: Coche 1 FIN, instante en finalizar 13
jun 07, 2021 10:59:05 AM semaforo_coches.Coche run
INFORMACIÓN: Coche 2 FIN, instante en finalizar 11
jun 07, 2021 10:59:07 AM semaforo_coches.Coche run
INFORMACIÓN: Coche 2 INICIO, tarda 6min en llegar al semáforo
jun 07, 2021 10:59:07 AM semaforo_coches.Coche run
INFORMACIÓN: Coche 10 INICIO, tarda 15min en llegar al semáforo
jun 07, 2021 10:59:07 AM semaforo_coches.Coche run
INFORMACIÓN: Coche 8 INICIO, tarda 9min en llegar al semáforo
jun 07, 2021 10:59:07 AM semaforo_coches.Coche run
INFORMACIÓN: Coche 9 INICIO, tarda 11min en llegar al semáforo
jun 07, 2021 10:59:07 AM semaforo_coches.Coche run
INFORMACIÓN: Coche 7 INICIO, tarda 16min en llegar al semáforo
jun 07, 2021 10:59:07 AM semaforo_coches.Coche run
INFORMACIÓN: Coche 6 INICIO, tarda 10min en llegar al semáforo
jun 07, 2021 10:59:07 AM semaforo_coches.Coche run
INFORMACIÓN: Coche 3 INICIO, tarda 14min en llegar al semáforo
jun 07, 2021 10:59:07 AM semaforo_coches.Coche run
INFORMACIÓN: Coche 1 INICIO, tarda 14min en llegar al semáforo
jun 07, 2021 10:59:07 AM semaforo_coches.Coche run
INFORMACIÓN: Coche 4 INICIO, tarda 4min en llegar al semáforo
jun 07, 2021 10:59:07 AM semaforo_coches.Coche run
INFORMACIÓN: Coche 5 INICIO, tarda 12min en llegar al semáforo
jun 07, 2021 10:59:07 AM semaforo_coches.Coche run
INFORMACIÓN: Coche 4 espera en semáforo
jun 07, 2021 10:59:07 AM semaforo_coches.Coche run
INFORMACIÓN: Coche 2 espera en semáforo
jun 07, 2021 10:59:08 AM semaforo_coches.Coche run
INFORMACIÓN: Coche 8 espera en semáforo
jun 07, 2021 10:59:08 AM semaforo_coches.Coche run
INFORMACIÓN: Coche 6 espera en semáforo
jun 07, 2021 10:59:08 AM semaforo_coches.Coche run
INFORMACIÓN: Coche 9 espera en semáforo
jun 07, 2021 10:59:08 AM semaforo_coches.Coche run
INFORMACIÓN: Coche 5 FIN, instante en finalizar 12
jun 07, 2021 10:59:08 AM semaforo_coches.Coche run
INFORMACIÓN: Coche 6 FIN, instante en finalizar 11
jun 07, 2021 10:59:08 AM semaforo_coches.Coche run
INFORMACIÓN: Coche 1 espera en semáforo
jun 07, 2021 10:59:08 AM semaforo_coches.Coche run
INFORMACIÓN: Coche 3 espera en semáforo
jun 07, 2021 10:59:08 AM semaforo_coches.Coche run
INFORMACIÓN: Coche 10 espera en semáforo
jun 07, 2021 10:59:08 AM semaforo_coches.Coche run
INFORMACIÓN: Coche 7 FIN, instante en finalizar 16
jun 07, 2021 10:59:08 AM semaforo_coches.Coche run
INFORMACIÓN: Coche 8 FIN, instante en finalizar 11
jun 07, 2021 10:59:08 AM semaforo_coches.Coche run
INFORMACIÓN: Coche 9 FIN, instante en finalizar 15
jun 07, 2021 10:59:08 AM semaforo_coches.Coche run
INFORMACIÓN: Coche 10 FIN, instante en finalizar 17
jun 07, 2021 10:59:08 AM semaforo_coches.Coche run
INFORMACIÓN: Coche 1 FIN, instante en finalizar 17
jun 07, 2021 10:59:08 AM semaforo_coches.Coche run
INFORMACIÓN: Coche 2 FIN, instante en finalizar 10
jun 07, 2021 10:59:08 AM semaforo_coches.Coche run
INFORMACIÓN: Coche 3 FIN, instante en finalizar 18
jun 07, 2021 10:59:08 AM semaforo_coches.Coche run
INFORMACIÓN: Coche 4 FIN, instante en finalizar 10
jun 07, 2021 10:59:20 AM semaforo_coches.Coche run
INFORMACIÓN: Coche 6 INICIO, tarda 8min en llegar al semáforo
jun 07, 2021 10:59:20 AM semaforo_coches.Coche run
INFORMACIÓN: Coche 9 INICIO, tarda 7min en llegar al semáforo
jun 07, 2021 10:59:20 AM semaforo_coches.Coche run
INFORMACIÓN: Coche 8 INICIO, tarda 10min en llegar al semáforo
jun 07, 2021 10:59:20 AM semaforo_coches.Coche run
INFORMACIÓN: Coche 5 INICIO, tarda 14min en llegar al semáforo
jun 07, 2021 10:59:20 AM semaforo_coches.Coche run
INFORMACIÓN: Coche 7 INICIO, tarda 6min en llegar al semáforo
jun 07, 2021 10:59:20 AM semaforo_coches.Coche run
INFORMACIÓN: Coche 2 INICIO, tarda 9min en llegar al semáforo
jun 07, 2021 10:59:20 AM semaforo_coches.Coche run
INFORMACIÓN: Coche 4 INICIO, tarda 15min en llegar al semáforo
jun 07, 2021 10:59:20 AM semaforo_coches.Coche run
INFORMACIÓN: Coche 1 INICIO, tarda 3min en llegar al semáforo
jun 07, 2021 10:59:20 AM semaforo_coches.Coche run
INFORMACIÓN: Coche 3 INICIO, tarda 15min en llegar al semáforo
jun 07, 2021 10:59:20 AM semaforo_coches.Coche run
INFORMACIÓN: Coche 1 espera en semáforo
jun 07, 2021 10:59:21 AM semaforo_coches.Coche run
INFORMACIÓN: Coche 7 espera en semáforo
jun 07, 2021 10:59:21 AM semaforo_coches.Coche run
INFORMACIÓN: Coche 9 espera en semáforo
jun 07, 2021 10:59:21 AM semaforo_coches.Coche run
INFORMACIÓN: Coche 6 espera en semáforo
jun 07, 2021 10:59:21 AM semaforo_coches.Coche run
INFORMACIÓN: Coche 2 espera en semáforo
jun 07, 2021 10:59:21 AM semaforo_coches.Coche run
INFORMACIÓN: Coche 8 espera en semáforo
jun 07, 2021 10:59:22 AM semaforo_coches.Coche run
INFORMACIÓN: Coche 5 espera en semáforo
jun 07, 2021 10:59:22 AM semaforo_coches.Coche run
INFORMACIÓN: Coche 3 FIN, instante en finalizar 15
jun 07, 2021 10:59:22 AM semaforo_coches.Coche run
INFORMACIÓN: Coche 4 FIN, instante en finalizar 15
jun 07, 2021 10:59:22 AM semaforo_coches.Coche run
INFORMACIÓN: Coche 5 FIN, instante en finalizar 16
jun 07, 2021 10:59:22 AM semaforo_coches.Coche run
INFORMACIÓN: Coche 6 FIN, instante en finalizar 11
jun 07, 2021 10:59:22 AM semaforo_coches.Coche run
INFORMACIÓN: Coche 7 FIN, instante en finalizar 9
jun 07, 2021 10:59:22 AM semaforo_coches.Coche run
INFORMACIÓN: Coche 8 FIN, instante en finalizar 14
jun 07, 2021 10:59:22 AM semaforo_coches.Coche run
INFORMACIÓN: Coche 9 FIN, instante en finalizar 12
jun 07, 2021 10:59:22 AM semaforo_coches.Coche run
INFORMACIÓN: Coche 1 FIN, instante en finalizar 7
jun 07, 2021 10:59:22 AM semaforo_coches.Coche run
INFORMACIÓN: Coche 2 FIN, instante en finalizar 15
